0 info it worked if it ends with ok
1 verbose cli [ '/usr/local/bin/node',
1 verbose cli   '/usr/local/bin/npm',
1 verbose cli   'install',
1 verbose cli   'ejs-bootstrap' ]
2 info using npm@2.14.2
3 info using node@v4.0.0
4 verbose install initial load of /home/james/Documents/assign11/package.json
5 verbose installManyTop reading scoped package data from /home/james/Documents/assign11/node_modules/body-parser/package.json
6 verbose installManyTop reading scoped package data from /home/james/Documents/assign11/node_modules/cookie-parser/package.json
7 verbose installManyTop reading scoped package data from /home/james/Documents/assign11/node_modules/debug/package.json
8 verbose installManyTop reading scoped package data from /home/james/Documents/assign11/node_modules/ejs/package.json
9 verbose installManyTop reading scoped package data from /home/james/Documents/assign11/node_modules/express/package.json
10 verbose installManyTop reading scoped package data from /home/james/Documents/assign11/node_modules/morgan/package.json
11 verbose installManyTop reading scoped package data from /home/james/Documents/assign11/node_modules/serve-favicon/package.json
12 verbose readDependencies loading dependencies from /home/james/Documents/assign11/package.json
13 silly cache add args [ 'ejs-bootstrap', null ]
14 verbose cache add spec ejs-bootstrap
15 silly cache add parsed spec Result {
15 silly cache add   raw: 'ejs-bootstrap',
15 silly cache add   scope: null,
15 silly cache add   name: 'ejs-bootstrap',
15 silly cache add   rawSpec: '',
15 silly cache add   spec: '*',
15 silly cache add   type: 'range' }
16 silly addNamed ejs-bootstrap@*
17 verbose addNamed "*" is a valid semver range for ejs-bootstrap
18 silly addNameRange { name: 'ejs-bootstrap', range: '*', hasData: false }
19 silly mapToRegistry name ejs-bootstrap
20 silly mapToRegistry using default registry
21 silly mapToRegistry registry https://registry.npmjs.org/
22 silly mapToRegistry uri https://registry.npmjs.org/ejs-bootstrap
23 verbose addNameRange registry:https://registry.npmjs.org/ejs-bootstrap not in flight; fetching
24 verbose request uri https://registry.npmjs.org/ejs-bootstrap
25 verbose request no auth needed
26 info attempt registry request try #1 at 5:33:52 PM
27 verbose request id 0663b08c0f188497
28 http request GET https://registry.npmjs.org/ejs-bootstrap
29 http 404 https://registry.npmjs.org/ejs-bootstrap
30 verbose headers { 'content-type': 'application/json',
30 verbose headers   'cache-control': 'max-age=0',
30 verbose headers   'content-length': '2',
30 verbose headers   'accept-ranges': 'bytes',
30 verbose headers   date: 'Wed, 14 Oct 2015 21:33:53 GMT',
30 verbose headers   via: '1.1 varnish',
30 verbose headers   age: '0',
30 verbose headers   connection: 'keep-alive',
30 verbose headers   'x-served-by': 'cache-atl6221-ATL',
30 verbose headers   'x-cache': 'MISS',
30 verbose headers   'x-cache-hits': '0',
30 verbose headers   'x-timer': 'S1444858432.667832,VS0,VE376' }
31 silly get cb [ 404,
31 silly get   { 'content-type': 'application/json',
31 silly get     'cache-control': 'max-age=0',
31 silly get     'content-length': '2',
31 silly get     'accept-ranges': 'bytes',
31 silly get     date: 'Wed, 14 Oct 2015 21:33:53 GMT',
31 silly get     via: '1.1 varnish',
31 silly get     age: '0',
31 silly get     connection: 'keep-alive',
31 silly get     'x-served-by': 'cache-atl6221-ATL',
31 silly get     'x-cache': 'MISS',
31 silly get     'x-cache-hits': '0',
31 silly get     'x-timer': 'S1444858432.667832,VS0,VE376' } ]
32 verbose stack Error: Registry returned 404 for GET on https://registry.npmjs.org/ejs-bootstrap
32 verbose stack     at makeError (/usr/local/lib/node_modules/npm/node_modules/npm-registry-client/lib/request.js:263:12)
32 verbose stack     at CachingRegistryClient.<anonymous> (/usr/local/lib/node_modules/npm/node_modules/npm-registry-client/lib/request.js:241:14)
32 verbose stack     at Request._callback (/usr/local/lib/node_modules/npm/node_modules/npm-registry-client/lib/request.js:171:14)
32 verbose stack     at Request.self.callback (/usr/local/lib/node_modules/npm/node_modules/request/request.js:198:22)
32 verbose stack     at emitTwo (events.js:87:13)
32 verbose stack     at Request.emit (events.js:172:7)
32 verbose stack     at Request.<anonymous> (/usr/local/lib/node_modules/npm/node_modules/request/request.js:1073:14)
32 verbose stack     at emitOne (events.js:82:20)
32 verbose stack     at Request.emit (events.js:169:7)
32 verbose stack     at IncomingMessage.<anonymous> (/usr/local/lib/node_modules/npm/node_modules/request/request.js:1019:12)
33 verbose statusCode 404
34 verbose pkgid ejs-bootstrap
35 verbose cwd /home/james/Documents/assign11
36 error Linux 3.19.0-28-generic
37 error argv "/usr/local/bin/node" "/usr/local/bin/npm" "install" "ejs-bootstrap"
38 error node v4.0.0
39 error npm  v2.14.2
40 error code E404
41 error 404 Registry returned 404 for GET on https://registry.npmjs.org/ejs-bootstrap
41 error 404
41 error 404 'ejs-bootstrap' is not in the npm registry.
41 error 404 You should bug the author to publish it (or use the name yourself!)
41 error 404 It was specified as a dependency of 'assign11'
41 error 404
41 error 404 Note that you can also install from a
41 error 404 tarball, folder, http url, or git url.
42 verbose exit [ 1, true ]
